# JRE version: Java(TM) SE Runtime Environment (21.0.9+7) (build 21.0.9+7-LTS-338)
# Java VM: Java HotSpot(TM) 64-Bit Server VM (21.0.9+7-LTS-338, mixed mode, sharing, tiered, compressed oops, compressed class ptrs, g1 gc, windows-amd64)
GC Precious Log:
 CardTable entry size: 512
 Card Set container configuration: InlinePtr #cards 5 size 8 Array Of Cards #cards 12 size 40 Howl #buckets 4 coarsen threshold 1843 Howl Bitmap #cards 512 size 80 coarsen threshold 460 Card regions per heap region 1 cards per card region 2048
 CPUs: 8 total, 8 available
 Memory: 7991M
 Large Page Support: Disabled
 NUMA Support: Disabled
 Compressed Oops: Enabled (32-bit)
 Heap Region Size: 1M
 Heap Min Capacity: 8M
 Heap Initial Capacity: 126M
 Heap Max Capacity: 1998M
 Pre-touch: Disabled
 Parallel Workers: 8
 Concurrent Workers: 2
 Concurrent Refinement Workers: 8
 Periodic GC: Disabled
Heap:
 garbage-first heap   total 144384K, used 105271K [0x0000000083200000, 0x0000000100000000)
  region size 1024K, 36 young (36864K), 2 survivors (2048K)
 Metaspace       used 72845K, committed 73664K, reserved 1179648K
  class space    used 7751K, committed 8128K, reserved 1048576K
GC Heap History (20 events):
Event: 4.979 GC heap before
{Heap before GC invocations=11 (full 0):
 garbage-first heap   total 81920K, used 68608K [0x0000000083200000, 0x0000000100000000)
  region size 1024K, 32 young (32768K), 5 survivors (5120K)
 Metaspace       used 44609K, committed 45440K, reserved 1114112K
  class space    used 5301K, committed 5696K, reserved 1048576K
}
Event: 4.989 GC heap after
{Heap after GC invocations=12 (full 0):
 garbage-first heap   total 81920K, used 42439K [0x0000000083200000, 0x0000000100000000)
  region size 1024K, 1 young (1024K), 1 survivors (1024K)
 Metaspace       used 44609K, committed 45440K, reserved 1114112K
  class space    used 5301K, committed 5696K, reserved 1048576K
}
Event: 5.604 GC heap before
{Heap before GC invocations=12 (full 0):
 garbage-first heap   total 81920K, used 71111K [0x0000000083200000, 0x0000000100000000)
  region size 1024K, 29 young (29696K), 1 survivors (1024K)
 Metaspace       used 47067K, committed 47808K, reserved 1114112K
  class space    used 5572K, committed 5952K, reserved 1048576K
}
Event: 5.611 GC heap after
{Heap after GC invocations=13 (full 0):
 garbage-first heap   total 81920K, used 46080K [0x0000000083200000, 0x0000000100000000)
  region size 1024K, 4 young (4096K), 4 survivors (4096K)
 Metaspace       used 47067K, committed 47808K, reserved 1114112K
  class space    used 5572K, committed 5952K, reserved 1048576K
}
Event: 6.416 GC heap before
{Heap before GC invocations=14 (full 0):
 garbage-first heap   total 81920K, used 71680K [0x0000000083200000, 0x0000000100000000)
  region size 1024K, 29 young (29696K), 4 survivors (4096K)
 Metaspace       used 48736K, committed 49472K, reserved 1114112K
  class space    used 5696K, committed 6080K, reserved 1048576K
}
Event: 6.427 GC heap after
{Heap after GC invocations=15 (full 0):
 garbage-first heap   total 81920K, used 51701K [0x0000000083200000, 0x0000000100000000)
  region size 1024K, 4 young (4096K), 4 survivors (4096K)
 Metaspace       used 48736K, committed 49472K, reserved 1114112K
  class space    used 5696K, committed 6080K, reserved 1048576K
}
Event: 6.947 GC heap before
{Heap before GC invocations=15 (full 0):
 garbage-first heap   total 81920K, used 71157K [0x0000000083200000, 0x0000000100000000)
  region size 1024K, 24 young (24576K), 4 survivors (4096K)
 Metaspace       used 49560K, committed 50304K, reserved 1114112K
  class space    used 5728K, committed 6080K, reserved 1048576K
}
Event: 6.957 GC heap after
{Heap after GC invocations=16 (full 0):
 garbage-first heap   total 106496K, used 53003K [0x0000000083200000, 0x0000000100000000)
  region size 1024K, 3 young (3072K), 3 survivors (3072K)
 Metaspace       used 49560K, committed 50304K, reserved 1114112K
  class space    used 5728K, committed 6080K, reserved 1048576K
}
Event: 8.274 GC heap before
{Heap before GC invocations=16 (full 0):
 garbage-first heap   total 106496K, used 91915K [0x0000000083200000, 0x0000000100000000)
  region size 1024K, 41 young (41984K), 3 survivors (3072K)
 Metaspace       used 51716K, committed 52416K, reserved 1114112K
  class space    used 5841K, committed 6208K, reserved 1048576K
}
Event: 8.290 GC heap after
{Heap after GC invocations=17 (full 0):
 garbage-first heap   total 106496K, used 57747K [0x0000000083200000, 0x0000000100000000)
  region size 1024K, 6 young (6144K), 6 survivors (6144K)
 Metaspace       used 51716K, committed 52416K, reserved 1114112K
  class space    used 5841K, committed 6208K, reserved 1048576K
}
Event: 9.182 GC heap before
{Heap before GC invocations=18 (full 0):
 garbage-first heap   total 106496K, used 92563K [0x0000000083200000, 0x0000000100000000)
  region size 1024K, 40 young (40960K), 6 survivors (6144K)
 Metaspace       used 54221K, committed 55040K, reserved 1114112K
  class space    used 6067K, committed 6464K, reserved 1048576K
}
Event: 9.193 GC heap after
{Heap after GC invocations=19 (full 0):
 garbage-first heap   total 106496K, used 61169K [0x0000000083200000, 0x0000000100000000)
  region size 1024K, 3 young (3072K), 3 survivors (3072K)
 Metaspace       used 54221K, committed 55040K, reserved 1114112K
  class space    used 6067K, committed 6464K, reserved 1048576K
}
Event: 9.858 GC heap before
{Heap before GC invocations=19 (full 0):
 garbage-first heap   total 106496K, used 94961K [0x0000000083200000, 0x0000000100000000)
  region size 1024K, 36 young (36864K), 3 survivors (3072K)
 Metaspace       used 58776K, committed 59520K, reserved 1114112K
  class space    used 6476K, committed 6848K, reserved 1048576K
}
Event: 9.873 GC heap after
{Heap after GC invocations=20 (full 0):
 garbage-first heap   total 106496K, used 63814K [0x0000000083200000, 0x0000000100000000)
  region size 1024K, 4 young (4096K), 4 survivors (4096K)
 Metaspace       used 58776K, committed 59520K, reserved 1114112K
  class space    used 6476K, committed 6848K, reserved 1048576K
}
Event: 10.554 GC heap before
{Heap before GC invocations=20 (full 0):
 garbage-first heap   total 106496K, used 94534K [0x0000000083200000, 0x0000000100000000)
  region size 1024K, 34 young (34816K), 4 survivors (4096K)
 Metaspace       used 64195K, committed 64960K, reserved 1114112K
  class space    used 6982K, committed 7360K, reserved 1048576K
}
Event: 10.564 GC heap after
{Heap after GC invocations=21 (full 0):
 garbage-first heap   total 106496K, used 67405K [0x0000000083200000, 0x0000000100000000)
  region size 1024K, 4 young (4096K), 4 survivors (4096K)
 Metaspace       used 64195K, committed 64960K, reserved 1114112K
  class space    used 6982K, committed 7360K, reserved 1048576K
}
Event: 11.049 GC heap before
{Heap before GC invocations=22 (full 0):
 garbage-first heap   total 119808K, used 95053K [0x0000000083200000, 0x0000000100000000)
  region size 1024K, 31 young (31744K), 4 survivors (4096K)
 Metaspace       used 68015K, committed 68800K, reserved 1114112K
  class space    used 7394K, committed 7808K, reserved 1048576K
}
Event: 11.059 GC heap after
{Heap after GC invocations=23 (full 0):
 garbage-first heap   total 119808K, used 71168K [0x0000000083200000, 0x0000000100000000)
  region size 1024K, 4 young (4096K), 4 survivors (4096K)
 Metaspace       used 68015K, committed 68800K, reserved 1114112K
  class space    used 7394K, committed 7808K, reserved 1048576K
}
Event: 11.503 GC heap before
{Heap before GC invocations=23 (full 0):
 garbage-first heap   total 119808K, used 105984K [0x0000000083200000, 0x0000000100000000)
  region size 1024K, 38 young (38912K), 4 survivors (4096K)
 Metaspace       used 69385K, committed 70208K, reserved 1114112K
  class space    used 7466K, committed 7872K, reserved 1048576K
}
Event: 11.516 GC heap after
{Heap after GC invocations=24 (full 0):
 garbage-first heap   total 144384K, used 71479K [0x0000000083200000, 0x0000000100000000)
  region size 1024K, 2 young (2048K), 2 survivors (2048K)
 Metaspace       used 69385K, committed 70208K, reserved 1114112K
  class space    used 7466K, committed 7872K, reserved 1048576K
}

