# JRE version: OpenJDK Runtime Environment (21.0.5) (build 21.0.5+-13047016-b750.29)
# Java VM: OpenJDK 64-Bit Server VM (21.0.5+-13047016-b750.29, mixed mode, tiered, compressed oops, compressed class ptrs, g1 gc, windows-amd64)
GC Precious Log:
 CardTable entry size: 512
 Card Set container configuration: InlinePtr #cards 5 size 8 Array Of Cards #cards 12 size 40 Howl #buckets 4 coarsen threshold 1843 Howl Bitmap #cards 512 size 80 coarsen threshold 460 Card regions per heap region 1 cards per card region 2048
 CPUs: 8 total, 8 available
 Memory: 7991M
 Large Page Support: Disabled
 NUMA Support: Disabled
 Compressed Oops: Enabled (32-bit)
 Heap Region Size: 1M
 Heap Min Capacity: 8M
 Heap Initial Capacity: 126M
 Heap Max Capacity: 1998M
 Pre-touch: Disabled
 Parallel Workers: 8
 Concurrent Workers: 2
 Concurrent Refinement Workers: 8
 Periodic GC: Disabled
Heap:
 garbage-first heap   total 54272K, used 42569K [0x0000000083200000, 0x0000000100000000)
  region size 1024K, 12 young (12288K), 3 survivors (3072K)
 Metaspace       used 48243K, committed 48960K, reserved 1114112K
  class space    used 5623K, committed 5952K, reserved 1048576K
GC Heap History (20 events):
Event: 1.224 GC heap before
{Heap before GC invocations=5 (full 0):
 garbage-first heap   total 33792K, used 26948K [0x0000000083200000, 0x0000000100000000)
  region size 1024K, 13 young (13312K), 1 survivors (1024K)
 Metaspace       used 29432K, committed 29632K, reserved 1114112K
  class space    used 3624K, committed 3712K, reserved 1048576K
}
Event: 1.227 GC heap after
{Heap after GC invocations=6 (full 0):
 garbage-first heap   total 33792K, used 14226K [0x0000000083200000, 0x0000000100000000)
  region size 1024K, 2 young (2048K), 2 survivors (2048K)
 Metaspace       used 29432K, committed 29632K, reserved 1114112K
  class space    used 3624K, committed 3712K, reserved 1048576K
}
Event: 1.413 GC heap before
{Heap before GC invocations=6 (full 0):
 garbage-first heap   total 33792K, used 26514K [0x0000000083200000, 0x0000000100000000)
  region size 1024K, 15 young (15360K), 2 survivors (2048K)
 Metaspace       used 32258K, committed 32384K, reserved 1114112K
  class space    used 3916K, committed 3968K, reserved 1048576K
}
Event: 1.418 GC heap after
{Heap after GC invocations=7 (full 0):
 garbage-first heap   total 44032K, used 16100K [0x0000000083200000, 0x0000000100000000)
  region size 1024K, 2 young (2048K), 2 survivors (2048K)
 Metaspace       used 32258K, committed 32384K, reserved 1114112K
  class space    used 3916K, committed 3968K, reserved 1048576K
}
Event: 1.616 GC heap before
{Heap before GC invocations=7 (full 0):
 garbage-first heap   total 44032K, used 31460K [0x0000000083200000, 0x0000000100000000)
  region size 1024K, 19 young (19456K), 2 survivors (2048K)
 Metaspace       used 35674K, committed 35968K, reserved 1114112K
  class space    used 4209K, committed 4352K, reserved 1048576K
}
Event: 1.623 GC heap after
{Heap after GC invocations=8 (full 0):
 garbage-first heap   total 44032K, used 18581K [0x0000000083200000, 0x0000000100000000)
  region size 1024K, 3 young (3072K), 3 survivors (3072K)
 Metaspace       used 35674K, committed 35968K, reserved 1114112K
  class space    used 4209K, committed 4352K, reserved 1048576K
}
Event: 1.844 GC heap before
{Heap before GC invocations=9 (full 0):
 garbage-first heap   total 44032K, used 34965K [0x0000000083200000, 0x0000000100000000)
  region size 1024K, 19 young (19456K), 3 survivors (3072K)
 Metaspace       used 37964K, committed 38656K, reserved 1114112K
  class space    used 4579K, committed 4928K, reserved 1048576K
}
Event: 1.847 GC heap after
{Heap after GC invocations=10 (full 0):
 garbage-first heap   total 44032K, used 19314K [0x0000000083200000, 0x0000000100000000)
  region size 1024K, 2 young (2048K), 2 survivors (2048K)
 Metaspace       used 37964K, committed 38656K, reserved 1114112K
  class space    used 4579K, committed 4928K, reserved 1048576K
}
Event: 2.163 GC heap before
{Heap before GC invocations=10 (full 0):
 garbage-first heap   total 44032K, used 34674K [0x0000000083200000, 0x0000000100000000)
  region size 1024K, 18 young (18432K), 2 survivors (2048K)
 Metaspace       used 42820K, committed 43520K, reserved 1114112K
  class space    used 5184K, committed 5504K, reserved 1048576K
}
Event: 2.167 GC heap after
{Heap after GC invocations=11 (full 0):
 garbage-first heap   total 44032K, used 20037K [0x0000000083200000, 0x0000000100000000)
  region size 1024K, 3 young (3072K), 3 survivors (3072K)
 Metaspace       used 42820K, committed 43520K, reserved 1114112K
  class space    used 5184K, committed 5504K, reserved 1048576K
}
Event: 2.358 GC heap before
{Heap before GC invocations=11 (full 0):
 garbage-first heap   total 44032K, used 36421K [0x0000000083200000, 0x0000000100000000)
  region size 1024K, 19 young (19456K), 3 survivors (3072K)
 Metaspace       used 44286K, committed 44928K, reserved 1114112K
  class space    used 5315K, committed 5632K, reserved 1048576K
}
Event: 2.366 GC heap after
{Heap after GC invocations=12 (full 0):
 garbage-first heap   total 45056K, used 25600K [0x0000000083200000, 0x0000000100000000)
  region size 1024K, 3 young (3072K), 3 survivors (3072K)
 Metaspace       used 44286K, committed 44928K, reserved 1114112K
  class space    used 5315K, committed 5632K, reserved 1048576K
}
Event: 2.452 GC heap before
{Heap before GC invocations=13 (full 0):
 garbage-first heap   total 45056K, used 38912K [0x0000000083200000, 0x0000000100000000)
  region size 1024K, 16 young (16384K), 3 survivors (3072K)
 Metaspace       used 44340K, committed 45056K, reserved 1114112K
  class space    used 5315K, committed 5632K, reserved 1048576K
}
Event: 2.458 GC heap after
{Heap after GC invocations=14 (full 0):
 garbage-first heap   total 54272K, used 26925K [0x0000000083200000, 0x0000000100000000)
  region size 1024K, 2 young (2048K), 2 survivors (2048K)
 Metaspace       used 44340K, committed 45056K, reserved 1114112K
  class space    used 5315K, committed 5632K, reserved 1048576K
}
Event: 2.763 GC heap before
{Heap before GC invocations=14 (full 0):
 garbage-first heap   total 54272K, used 44333K [0x0000000083200000, 0x0000000100000000)
  region size 1024K, 20 young (20480K), 2 survivors (2048K)
 Metaspace       used 46266K, committed 46976K, reserved 1114112K
  class space    used 5534K, committed 5888K, reserved 1048576K
}
Event: 2.768 GC heap after
{Heap after GC invocations=15 (full 0):
 garbage-first heap   total 54272K, used 27653K [0x0000000083200000, 0x0000000100000000)
  region size 1024K, 3 young (3072K), 3 survivors (3072K)
 Metaspace       used 46266K, committed 46976K, reserved 1114112K
  class space    used 5534K, committed 5888K, reserved 1048576K
}
Event: 3.260 GC heap before
{Heap before GC invocations=15 (full 0):
 garbage-first heap   total 54272K, used 46085K [0x0000000083200000, 0x0000000100000000)
  region size 1024K, 21 young (21504K), 3 survivors (3072K)
 Metaspace       used 47661K, committed 48384K, reserved 1114112K
  class space    used 5594K, committed 5952K, reserved 1048576K
}
Event: 3.269 GC heap after
{Heap after GC invocations=16 (full 0):
 garbage-first heap   total 54272K, used 30958K [0x0000000083200000, 0x0000000100000000)
  region size 1024K, 3 young (3072K), 3 survivors (3072K)
 Metaspace       used 47661K, committed 48384K, reserved 1114112K
  class space    used 5594K, committed 5952K, reserved 1048576K
}
Event: 3.527 GC heap before
{Heap before GC invocations=17 (full 0):
 garbage-first heap   total 54272K, used 46318K [0x0000000083200000, 0x0000000100000000)
  region size 1024K, 18 young (18432K), 3 survivors (3072K)
 Metaspace       used 47957K, committed 48704K, reserved 1114112K
  class space    used 5594K, committed 5952K, reserved 1048576K
}
Event: 3.541 GC heap after
{Heap after GC invocations=18 (full 0):
 garbage-first heap   total 54272K, used 34377K [0x0000000083200000, 0x0000000100000000)
  region size 1024K, 3 young (3072K), 3 survivors (3072K)
 Metaspace       used 47957K, committed 48704K, reserved 1114112K
  class space    used 5594K, committed 5952K, reserved 1048576K
}

